
Copyright (C) 1994-2023 Synopsys, Inc.
This Synopsys software and all associated documentation are proprietary to Synopsys, Inc.
and may only be used pursuant to the terms and conditions of a written license agreement
with Synopsys, Inc. All other use, reproduction, modification, or distribution of the
Synopsys software or the associated documentation is strictly prohibited.
Tool: Synplify Pro (R)
Build: V-2023.09M-5
Install: C:\Microchip\Libero_SoC_2025.1\Libero_SoC\Synplify_Pro
OS: Windows 10 or later
Hostname: MUSTAFA

Implementation : synthesis

# Written on Sat Sep  6 16:25:14 2025

##### DESIGN INFO #######################################################

Top View:                "PROC_SUBSYSTEM"
Constraint File(s):      "C:\Mustafa\Courses&Learning\Microchip_FPGA-SoC_Training\RISC-V_for_PolarFire\Discovery_Mi-V_tutorial\PF_MiV_Tut\designer\PROC_SUBSYSTEM\synthesis.fdc"




##### SUMMARY ############################################################

Found 0 issues in 0 out of 10 constraints


##### DETAILS ############################################################



Clock Relationships
*******************

Starting                                    Ending                                      |     rise to rise     |     fall to fall     |     rise to fall     |     fall to rise                     
---------------------------------------------------------------------------------------------------------------------------------------------------------------------------------------------------
System                                      PF_CCC_C0_0/PF_CCC_C0_0/pll_inst_0/OUT0     |     12.500           |     No paths         |     No paths         |     No paths                         
System                                      COREJTAGDEBUG_Z3|N_2_inferred_clock         |     10.000           |     No paths         |     10.000           |     No paths                         
PF_CCC_C0_0/PF_CCC_C0_0/pll_inst_0/OUT0     PF_CCC_C0_0/PF_CCC_C0_0/pll_inst_0/OUT0     |     12.500           |     No paths         |     No paths         |     No paths                         
PF_CCC_C0_0/PF_CCC_C0_0/pll_inst_0/OUT0     COREJTAGDEBUG_Z3|N_2_inferred_clock         |     Diff grp         |     No paths         |     Diff grp         |     No paths                         
COREJTAGDEBUG_Z3|N_2_inferred_clock         System                                      |     10.000           |     No paths         |     No paths         |     No paths                         
COREJTAGDEBUG_Z3|N_2_inferred_clock         PF_CCC_C0_0/PF_CCC_C0_0/pll_inst_0/OUT0     |     Diff grp         |     No paths         |     No paths         |     Diff grp                         
COREJTAGDEBUG_Z3|N_2_inferred_clock         COREJTAGDEBUG_Z3|N_2_inferred_clock         |     10.000           |     10.000           |     5.000            |     5.000                            
===================================================================================================================================================================================================
 Note: 'No paths' indicates there are no paths in the design for that pair of clock edges.
       'Diff grp' indicates that paths exist but the starting clock and ending clock are in different clock groups.


Unconstrained Start/End Points
******************************

p:GPIO_OUT[0]
p:GPIO_OUT[1]
p:GPIO_OUT[2]
p:GPIO_OUT[3]
p:RESETn
p:RX
p:TDI
p:TDO
p:TMS
p:TRSTB
p:TX


Inapplicable constraints
************************

(none)


Applicable constraints with issues
**********************************

(none)


Constraints with matching wildcard expressions
**********************************************

(none)


Library Report
**************


# End of Constraint Checker Report
