
                               Synplify Pro (R) 

                 Version V-2023.09M-5 for win64 - Apr 29, 2025 

                    Copyright (c) 1988 - 2025 Synopsys, Inc.
   This software and the associated documentation are proprietary to Synopsys,
 Inc. This software may only be used in accordance with the terms and conditions
 of a written license agreement with Synopsys, Inc. All other use, reproduction,
   or distribution of this software is strictly prohibited.  Licensed Products
     communicate with Synopsys servers for the purpose of providing software
    updates, detecting software piracy and verifying that customers are using
    Licensed Products in conformity with the applicable License Key for such
  Licensed Products. Synopsys will use information gathered in connection with
    this process to deliver software updates and pursue software pirates and
                                   infringers.

 Inclusivity & Diversity - Visit SolvNetPlus to read the "Synopsys Statement on
            Inclusivity and Diversity" (Refer to article 000036315 at
                        https://solvnetplus.synopsys.com)

Starting:    C:\Microchip\Libero_SoC_2025.1\Libero_SoC\Synplify_Pro\bin64\mbin\synbatch.exe
Install:     C:\Microchip\Libero_SoC_2025.1\Libero_SoC\Synplify_Pro
Hostname:    MUSTAFA
Date:        Sat Sep  6 16:24:37 2025
Version:     V-2023.09M-5

Arguments:   -product synplify_base -licensetype synplifypro_actel -batch -log synplify.log PROC_SUBSYSTEM_syn.tcl
ProductType: synplify_pro

License checkout: synplifypro_actel
License: synplifypro_actel node-locked 
Licensed Vendor: actel
License Option: actel_oem

Running in Vendor Mode


Implementation not found: synthesis
log file: "C:\Mustafa\Courses&Learning\Microchip_FPGA-SoC_Training\RISC-V_for_PolarFire\Discovery_Mi-V_tutorial\PF_MiV_Tut\synthesis\PROC_SUBSYSTEM.srr"
Running: synthesis in foreground

Running PROC_SUBSYSTEM_syn|synthesis

Running Flow: compile (Compile) on PROC_SUBSYSTEM_syn|synthesis
# Sat Sep  6 16:24:37 2025

Running Flow: compile_flow (Compile Process) on PROC_SUBSYSTEM_syn|synthesis
# Sat Sep  6 16:24:37 2025

Running: compiler (Compile Input) on PROC_SUBSYSTEM_syn|synthesis
# Sat Sep  6 16:24:37 2025
Copied C:\Mustafa\Courses&Learning\Microchip_FPGA-SoC_Training\RISC-V_for_PolarFire\Discovery_Mi-V_tutorial\PF_MiV_Tut\synthesis\synwork\PROC_SUBSYSTEM_comp.srs to C:\Mustafa\Courses&Learning\Microchip_FPGA-SoC_Training\RISC-V_for_PolarFire\Discovery_Mi-V_tutorial\PF_MiV_Tut\synthesis\PROC_SUBSYSTEM.srs

compiler completed
# Sat Sep  6 16:25:09 2025

Return Code: 0
Run Time:00h:00m:31s

Running: multi_srs_gen (Multi-srs Generator) on PROC_SUBSYSTEM_syn|synthesis
# Sat Sep  6 16:25:09 2025

multi_srs_gen completed
# Sat Sep  6 16:25:10 2025

Return Code: 0
Run Time:00h:00m:01s
Copied C:\Mustafa\Courses&Learning\Microchip_FPGA-SoC_Training\RISC-V_for_PolarFire\Discovery_Mi-V_tutorial\PF_MiV_Tut\synthesis\synwork\PROC_SUBSYSTEM_mult.srs to C:\Mustafa\Courses&Learning\Microchip_FPGA-SoC_Training\RISC-V_for_PolarFire\Discovery_Mi-V_tutorial\PF_MiV_Tut\synthesis\PROC_SUBSYSTEM.srs
Complete: Compile Process on PROC_SUBSYSTEM_syn|synthesis

Running: premap (Premap) on PROC_SUBSYSTEM_syn|synthesis
# Sat Sep  6 16:25:10 2025

premap completed with warnings
# Sat Sep  6 16:25:14 2025

Return Code: 1
Run Time:00h:00m:04s
Complete: Compile on PROC_SUBSYSTEM_syn|synthesis

Running Flow: map (Map) on PROC_SUBSYSTEM_syn|synthesis
# Sat Sep  6 16:25:15 2025
License granted for 4 parallel jobs

Running: fpga_mapper (Map & Optimize) on PROC_SUBSYSTEM_syn|synthesis
# Sat Sep  6 16:25:15 2025
Copied C:\Mustafa\Courses&Learning\Microchip_FPGA-SoC_Training\RISC-V_for_PolarFire\Discovery_Mi-V_tutorial\PF_MiV_Tut\synthesis\synwork\PROC_SUBSYSTEM_m.srm to C:\Mustafa\Courses&Learning\Microchip_FPGA-SoC_Training\RISC-V_for_PolarFire\Discovery_Mi-V_tutorial\PF_MiV_Tut\synthesis\PROC_SUBSYSTEM.srm

fpga_mapper completed with warnings
# Sat Sep  6 16:27:10 2025

Return Code: 1
Run Time:00h:01m:55s
Complete: Map on PROC_SUBSYSTEM_syn|synthesis
Complete: Logic Synthesis on PROC_SUBSYSTEM_syn|synthesis
Copied C:\Mustafa\Courses&Learning\Microchip_FPGA-SoC_Training\RISC-V_for_PolarFire\Discovery_Mi-V_tutorial\PF_MiV_Tut\synthesis\PROC_SUBSYSTEM.srr to C:\Mustafa\Courses&Learning\Microchip_FPGA-SoC_Training\RISC-V_for_PolarFire\Discovery_Mi-V_tutorial\PF_MiV_Tut\synthesis\backup\PROC_SUBSYSTEM.srr
TCL script complete: "PROC_SUBSYSTEM_syn.tcl"
exit status=0
exit status=0
License checkin: synplifypro_actel
