{
"Synplify Pro (R) Job Log" : {
	"Date" : "16:27:10    06-Sep-2025",
	"Working Directory" : "C:/Mustafa/Courses&Learning/Microchip_FPGA-SoC_Training/RISC-V_for_PolarFire/Discovery_Mi-V_tutorial/PF_MiV_Tut/synthesis",
	"Install" : "C:/Microchip/Libero_SoC_2025.1/Libero_SoC/Synplify_Pro"
},
"synthesis" :{
   "Job Flow" : "Sequential",
   "Start Time" : "16:24:37",
   "Runtime" : "02m:33s",
   "Executable Run Time" : "02m:31s",
   "synthesis" : {
      "Job Flow" : "Sequential",
      "Start Time" : "16:24:37",
      "Runtime" : "02m:33s",
      "Executable Run Time" : "02m:31s",
      "compile" : {
         "Job Flow" : "Sequential",
         "Start Time" : "16:24:37",
         "Runtime" : "37s",
         "Executable Run Time" : "36s",
         "compile_flow" : {
            "Job Flow" : "Sequential",
            "Start Time" : "16:24:37",
            "Runtime" : "33s",
            "Executable Run Time" : "32s",
            "compiler" : {
               "executable" : "bin64/c_hdl.exe",
               "Run Directory" : "C:/Mustafa/Courses&Learning/Microchip_FPGA-SoC_Training/RISC-V_for_PolarFire/Discovery_Mi-V_tutorial/PF_MiV_Tut/synthesis",
               "Run State" : "Complete",
               "Return Code" : "0",
               "Has Errors" : "no",
               "Run Start Time" : "16:24:37",
               "Run Time" : "32s",
               "Exe Run Time" : "31s",
               "Memory Usage" : "-",
               "Up-to-date (run skipped)" : "no"
            },
            "multi_srs_gen" : {
               "executable" : "bin64/syn_nfilter.exe",
               "Run Directory" : "C:/Mustafa/Courses&Learning/Microchip_FPGA-SoC_Training/RISC-V_for_PolarFire/Discovery_Mi-V_tutorial/PF_MiV_Tut/synthesis",
               "Run State" : "Complete",
               "Return Code" : "0",
               "Has Errors" : "no",
               "Run Start Time" : "16:25:09",
               "Run Time" : "01s",
               "Exe Run Time" : "01s",
               "Memory Usage" : "-",
               "Up-to-date (run skipped)" : "no"
            }
         },
         "premap" : {
            "executable" : "bin64/m_generic.exe",
            "Run Directory" : "C:/Mustafa/Courses&Learning/Microchip_FPGA-SoC_Training/RISC-V_for_PolarFire/Discovery_Mi-V_tutorial/PF_MiV_Tut/synthesis",
            "Run State" : "Complete",
            "Return Code" : "1",
            "Has Errors" : "no",
            "Run Start Time" : "16:25:10",
            "Run Time" : "04s",
            "Exe Run Time" : "04s",
            "Memory Usage" : "-",
            "Up-to-date (run skipped)" : "no"
         }
      },
      "map" : {
         "Job Flow" : "Sequential",
         "Start Time" : "16:25:15",
         "Runtime" : "01m:55s",
         "Executable Run Time" : "01m:55s",
         "fpga_mapper" : {
            "executable" : "bin64/m_generic.exe",
            "Run Directory" : "C:/Mustafa/Courses&Learning/Microchip_FPGA-SoC_Training/RISC-V_for_PolarFire/Discovery_Mi-V_tutorial/PF_MiV_Tut/synthesis",
            "Run State" : "Complete",
            "Return Code" : "1",
            "Has Errors" : "no",
            "Run Start Time" : "16:25:15",
            "Run Time" : "01m:55s",
            "Exe Run Time" : "01m:55s",
            "Memory Usage" : "-",
            "Up-to-date (run skipped)" : "no"
         }
      }
   }
}
}